<?xml version="1.0" encoding="UTF-8"?>
<!-- Generated by org.testng.reporters.JUnitReportReporter -->
<testsuite hostname="LAPTOP-3VF10M9V" failures="0" tests="4" name="com.testNG.TestNGAnnotations" time="0.038" errors="0" timestamp="2025-01-31T10:41:47 CST" skipped="2">
  <testcase classname="com.testNG.TestNGAnnotations" name="testcase1" time="0.017"/>
  <system-out/>
  <testcase classname="com.testNG.TestNGAnnotations" name="testcase1" time="0.021"/>
  <system-out/>
  <testcase classname="com.testNG.TestNGAnnotations" name="testcase2">
    <skipped/>
  </testcase> <!-- testcase2 -->
  <system-out/>
  <testcase classname="com.testNG.TestNGAnnotations" name="testcase4">
    <skipped/>
  </testcase> <!-- testcase4 -->
  <system-out/>
</testsuite> <!-- com.testNG.TestNGAnnotations -->
