<?xml version="1.0" encoding="UTF-8"?>
<!-- Generated by org.testng.reporters.JUnitReportReporter -->
<testsuite hostname="LAPTOP-3VF10M9V" failures="0" tests="3" name="com.testNG.TestNGAnnotations" time="0.059" errors="0" timestamp="2025-01-30T15:27:17 CST" skipped="0">
  <testcase classname="com.testNG.TestNGAnnotations" name="testcase3" time="0.009"/>
  <system-out/>
  <testcase classname="com.testNG.TestNGAnnotations" name="testcase1" time="0.035"/>
  <system-out/>
  <testcase classname="com.testNG.TestNGAnnotations" name="testcase2" time="0.015"/>
  <system-out/>
</testsuite> <!-- com.testNG.TestNGAnnotations -->
